
*** Running vivado
    with args -log board_ALU.vds -m64 -product Vivado -mode batch -messageDb vivado.pb -notrace -source board_ALU.tcl


ECHO is off.
ECHO is off.

****** Vivado v2023.1 (64-bit)
  **** SW Build 3865809 on Sun May  7 15:05:29 MDT 2023
  **** IP Build 3864474 on Sun May  7 20:36:21 MDT 2023
  **** SharedData Build 3865790 on Sun May 07 13:33:03 MDT 2023
    ** Copyright 1986-2022 Xilinx, Inc. All Rights Reserved.
    ** Copyright 2022-2023 Advanced Micro Devices, Inc. All Rights Reserved.

source board_ALU.tcl -notrace
create_project: Time (s): cpu = 00:00:03 ; elapsed = 00:00:08 . Memory (MB): peak = 455.941 ; gain = 160.953
Command: synth_design -top board_ALU -part xc7a35tcpg236-1
Starting synth_design
Attempting to get a license for feature 'Synthesis' and/or device 'xc7a35t'
INFO: [Common 17-349] Got license for feature 'Synthesis' and/or device 'xc7a35t'
INFO: [Device 21-403] Loading part xc7a35tcpg236-1
INFO: [Synth 8-7079] Multithreading enabled for synth_design using a maximum of 2 processes.
INFO: [Synth 8-7078] Launching helper process for spawning children vivado processes
INFO: [Synth 8-7075] Helper process launched with PID 52116
---------------------------------------------------------------------------------
Starting RTL Elaboration : Time (s): cpu = 00:00:02 ; elapsed = 00:00:07 . Memory (MB): peak = 1267.785 ; gain = 409.691
---------------------------------------------------------------------------------
INFO: [Synth 8-6157] synthesizing module 'board_ALU' [C:/Users/dhako/Desktop/FPGA/Ex_Files_Learning_Verilog_FPGA_Development/Exercise Files/Ch04/04_04/combinational_ch/combinational_ch.srcs/sources_1/new/board_ALU.v:23]
INFO: [Synth 8-6157] synthesizing module 'ALU' [C:/Users/dhako/Desktop/FPGA/Ex_Files_Learning_Verilog_FPGA_Development/Exercise Files/Ch04/04_04/combinational_ch/combinational_ch.srcs/sources_1/new/ALU.v:23]
INFO: [Synth 8-6155] done synthesizing module 'ALU' (0#1) [C:/Users/dhako/Desktop/FPGA/Ex_Files_Learning_Verilog_FPGA_Development/Exercise Files/Ch04/04_04/combinational_ch/combinational_ch.srcs/sources_1/new/ALU.v:23]
INFO: [Synth 8-6155] done synthesizing module 'board_ALU' (0#1) [C:/Users/dhako/Desktop/FPGA/Ex_Files_Learning_Verilog_FPGA_Development/Exercise Files/Ch04/04_04/combinational_ch/combinational_ch.srcs/sources_1/new/board_ALU.v:23]
WARNING: [Synth 8-3917] design board_ALU has port an[3] driven by constant 1
WARNING: [Synth 8-3917] design board_ALU has port an[2] driven by constant 1
WARNING: [Synth 8-3917] design board_ALU has port an[1] driven by constant 1
WARNING: [Synth 8-3917] design board_ALU has port an[0] driven by constant 1
WARNING: [Synth 8-7129] Port sw[11] in module board_ALU is either unconnected or has no load
WARNING: [Synth 8-7129] Port sw[10] in module board_ALU is either unconnected or has no load
WARNING: [Synth 8-7129] Port sw[9] in module board_ALU is either unconnected or has no load
WARNING: [Synth 8-7129] Port sw[8] in module board_ALU is either unconnected or has no load
---------------------------------------------------------------------------------
Finished RTL Elaboration : Time (s): cpu = 00:00:03 ; elapsed = 00:00:09 . Memory (MB): peak = 1358.797 ; gain = 500.703
---------------------------------------------------------------------------------
---------------------------------------------------------------------------------
Start Handling Custom Attributes
---------------------------------------------------------------------------------
---------------------------------------------------------------------------------
Finished Handling Custom Attributes : Time (s): cpu = 00:00:03 ; elapsed = 00:00:09 . Memory (MB): peak = 1358.797 ; gain = 500.703
---------------------------------------------------------------------------------
---------------------------------------------------------------------------------
Finished RTL Optimization Phase 1 : Time (s): cpu = 00:00:03 ; elapsed = 00:00:09 . Memory (MB): peak = 1358.797 ; gain = 500.703
---------------------------------------------------------------------------------
Netlist sorting complete. Time (s): cpu = 00:00:00 ; elapsed = 00:00:00.001 . Memory (MB): peak = 1358.797 ; gain = 0.000
INFO: [Project 1-570] Preparing netlist for logic optimization

Processing XDC Constraints
Initializing timing engine
Parsing XDC File [C:/Users/dhako/Desktop/FPGA/Ex_Files_Learning_Verilog_FPGA_Development/Exercise Files/Ch04/04_04/combinational_ch/combinational_ch.srcs/constrs_1/new/basys3.xdc]
Finished Parsing XDC File [C:/Users/dhako/Desktop/FPGA/Ex_Files_Learning_Verilog_FPGA_Development/Exercise Files/Ch04/04_04/combinational_ch/combinational_ch.srcs/constrs_1/new/basys3.xdc]
INFO: [Project 1-236] Implementation specific constraints were found while reading constraint file [C:/Users/dhako/Desktop/FPGA/Ex_Files_Learning_Verilog_FPGA_Development/Exercise Files/Ch04/04_04/combinational_ch/combinational_ch.srcs/constrs_1/new/basys3.xdc]. These constraints will be ignored for synthesis but will be used in implementation. Impacted constraints are listed in the file [.Xil/board_ALU_propImpl.xdc].
Resolution: To avoid this warning, move constraints listed in [.Xil/board_ALU_propImpl.xdc] to another XDC file and exclude this new file from synthesis with the used_in_synthesis property (File Properties dialog in GUI) and re-run elaboration/synthesis.
Completed Processing XDC Constraints

Netlist sorting complete. Time (s): cpu = 00:00:00 ; elapsed = 00:00:00 . Memory (MB): peak = 1380.535 ; gain = 0.000
INFO: [Project 1-111] Unisim Transformation Summary:
No Unisim elements were transformed.

Constraint Validation Runtime : Time (s): cpu = 00:00:00 ; elapsed = 00:00:00.003 . Memory (MB): peak = 1380.535 ; gain = 0.000
---------------------------------------------------------------------------------
Finished Constraint Validation : Time (s): cpu = 00:00:06 ; elapsed = 00:00:20 . Memory (MB): peak = 1380.535 ; gain = 522.441
---------------------------------------------------------------------------------
---------------------------------------------------------------------------------
Start Loading Part and Timing Information
---------------------------------------------------------------------------------
Loading part: xc7a35tcpg236-1
---------------------------------------------------------------------------------
Finished Loading Part and Timing Information : Time (s): cpu = 00:00:06 ; elapsed = 00:00:20 . Memory (MB): peak = 1380.535 ; gain = 522.441
---------------------------------------------------------------------------------
---------------------------------------------------------------------------------
Start Applying 'set_property' XDC Constraints
---------------------------------------------------------------------------------
---------------------------------------------------------------------------------
Finished applying 'set_property' XDC Constraints : Time (s): cpu = 00:00:06 ; elapsed = 00:00:20 . Memory (MB): peak = 1380.535 ; gain = 522.441
---------------------------------------------------------------------------------
---------------------------------------------------------------------------------
Finished RTL Optimization Phase 2 : Time (s): cpu = 00:00:06 ; elapsed = 00:00:21 . Memory (MB): peak = 1380.535 ; gain = 522.441
---------------------------------------------------------------------------------
---------------------------------------------------------------------------------
Start RTL Component Statistics 
---------------------------------------------------------------------------------
Detailed RTL Component Info : 
+---Adders : 
	   3 Input    8 Bit       Adders := 1     
	   2 Input    5 Bit       Adders := 1     
+---XORs : 
	   2 Input      8 Bit         XORs := 1     
---------------------------------------------------------------------------------
Finished RTL Component Statistics 
---------------------------------------------------------------------------------
---------------------------------------------------------------------------------
Start Part Resource Summary
---------------------------------------------------------------------------------
Part Resources:
DSPs: 90 (col length:60)
BRAMs: 100 (col length: RAMB18 60 RAMB36 30)
---------------------------------------------------------------------------------
Finished Part Resource Summary
---------------------------------------------------------------------------------
---------------------------------------------------------------------------------
Start Cross Boundary and Area Optimization
---------------------------------------------------------------------------------
WARNING: [Synth 8-7080] Parallel synthesis criteria is not met
WARNING: [Synth 8-3917] design board_ALU has port an[3] driven by constant 1
WARNING: [Synth 8-3917] design board_ALU has port an[2] driven by constant 1
WARNING: [Synth 8-3917] design board_ALU has port an[1] driven by constant 1
WARNING: [Synth 8-3917] design board_ALU has port an[0] driven by constant 1
WARNING: [Synth 8-7129] Port sw[11] in module board_ALU is either unconnected or has no load
WARNING: [Synth 8-7129] Port sw[10] in module board_ALU is either unconnected or has no load
WARNING: [Synth 8-7129] Port sw[9] in module board_ALU is either unconnected or has no load
WARNING: [Synth 8-7129] Port sw[8] in module board_ALU is either unconnected or has no load
---------------------------------------------------------------------------------
Finished Cross Boundary and Area Optimization : Time (s): cpu = 00:00:07 ; elapsed = 00:00:24 . Memory (MB): peak = 1380.535 ; gain = 522.441
---------------------------------------------------------------------------------
---------------------------------------------------------------------------------
Start Applying XDC Timing Constraints
---------------------------------------------------------------------------------
---------------------------------------------------------------------------------
Finished Applying XDC Timing Constraints : Time (s): cpu = 00:00:09 ; elapsed = 00:00:30 . Memory (MB): peak = 1380.535 ; gain = 522.441
---------------------------------------------------------------------------------
---------------------------------------------------------------------------------
Start Timing Optimization
---------------------------------------------------------------------------------
---------------------------------------------------------------------------------
Finished Timing Optimization : Time (s): cpu = 00:00:09 ; elapsed = 00:00:30 . Memory (MB): peak = 1380.535 ; gain = 522.441
---------------------------------------------------------------------------------
---------------------------------------------------------------------------------
Start Technology Mapping
---------------------------------------------------------------------------------
---------------------------------------------------------------------------------
Finished Technology Mapping : Time (s): cpu = 00:00:09 ; elapsed = 00:00:30 . Memory (MB): peak = 1380.535 ; gain = 522.441
---------------------------------------------------------------------------------
---------------------------------------------------------------------------------
Start IO Insertion
---------------------------------------------------------------------------------
---------------------------------------------------------------------------------
Start Flattening Before IO Insertion
---------------------------------------------------------------------------------
---------------------------------------------------------------------------------
Finished Flattening Before IO Insertion
---------------------------------------------------------------------------------
---------------------------------------------------------------------------------
Start Final Netlist Cleanup
---------------------------------------------------------------------------------
---------------------------------------------------------------------------------
Finished Final Netlist Cleanup
---------------------------------------------------------------------------------
---------------------------------------------------------------------------------
Finished IO Insertion : Time (s): cpu = 00:00:12 ; elapsed = 00:00:36 . Memory (MB): peak = 1380.535 ; gain = 522.441
---------------------------------------------------------------------------------
---------------------------------------------------------------------------------
Start Renaming Generated Instances
---------------------------------------------------------------------------------
---------------------------------------------------------------------------------
Finished Renaming Generated Instances : Time (s): cpu = 00:00:12 ; elapsed = 00:00:36 . Memory (MB): peak = 1380.535 ; gain = 522.441
---------------------------------------------------------------------------------
---------------------------------------------------------------------------------
Start Rebuilding User Hierarchy
---------------------------------------------------------------------------------
---------------------------------------------------------------------------------
Finished Rebuilding User Hierarchy : Time (s): cpu = 00:00:12 ; elapsed = 00:00:36 . Memory (MB): peak = 1380.535 ; gain = 522.441
---------------------------------------------------------------------------------
---------------------------------------------------------------------------------
Start Renaming Generated Ports
---------------------------------------------------------------------------------
---------------------------------------------------------------------------------
Finished Renaming Generated Ports : Time (s): cpu = 00:00:12 ; elapsed = 00:00:36 . Memory (MB): peak = 1380.535 ; gain = 522.441
---------------------------------------------------------------------------------
---------------------------------------------------------------------------------
Start Handling Custom Attributes
---------------------------------------------------------------------------------
---------------------------------------------------------------------------------
Finished Handling Custom Attributes : Time (s): cpu = 00:00:12 ; elapsed = 00:00:36 . Memory (MB): peak = 1380.535 ; gain = 522.441
---------------------------------------------------------------------------------
---------------------------------------------------------------------------------
Start Renaming Generated Nets
---------------------------------------------------------------------------------
---------------------------------------------------------------------------------
Finished Renaming Generated Nets : Time (s): cpu = 00:00:12 ; elapsed = 00:00:36 . Memory (MB): peak = 1380.535 ; gain = 522.441
---------------------------------------------------------------------------------
---------------------------------------------------------------------------------
Start Writing Synthesis Report
---------------------------------------------------------------------------------

Report BlackBoxes: 
+-+--------------+----------+
| |BlackBox name |Instances |
+-+--------------+----------+
+-+--------------+----------+

Report Cell Usage: 
+------+-------+------+
|      |Cell   |Count |
+------+-------+------+
|1     |CARRY4 |     2|
|2     |LUT2   |     8|
|3     |LUT3   |     1|
|4     |LUT4   |    10|
|5     |LUT5   |    18|
|6     |LUT6   |    43|
|7     |MUXF7  |     6|
|8     |MUXF8  |     3|
|9     |IBUF   |    12|
|10    |OBUF   |    12|
+------+-------+------+
---------------------------------------------------------------------------------
Finished Writing Synthesis Report : Time (s): cpu = 00:00:12 ; elapsed = 00:00:36 . Memory (MB): peak = 1380.535 ; gain = 522.441
---------------------------------------------------------------------------------
Synthesis finished with 0 errors, 0 critical warnings and 9 warnings.
Synthesis Optimization Runtime : Time (s): cpu = 00:00:08 ; elapsed = 00:00:34 . Memory (MB): peak = 1380.535 ; gain = 500.703
Synthesis Optimization Complete : Time (s): cpu = 00:00:12 ; elapsed = 00:00:36 . Memory (MB): peak = 1380.535 ; gain = 522.441
INFO: [Project 1-571] Translating synthesized netlist
Netlist sorting complete. Time (s): cpu = 00:00:00 ; elapsed = 00:00:00.001 . Memory (MB): peak = 1392.273 ; gain = 0.000
INFO: [Netlist 29-17] Analyzing 11 Unisim elements for replacement
INFO: [Netlist 29-28] Unisim Transformation completed in 0 CPU seconds
INFO: [Project 1-570] Preparing netlist for logic optimization
INFO: [Opt 31-138] Pushed 0 inverter(s) to 0 load pin(s).
Netlist sorting complete. Time (s): cpu = 00:00:00 ; elapsed = 00:00:00 . Memory (MB): peak = 1399.973 ; gain = 0.000
INFO: [Project 1-111] Unisim Transformation Summary:
No Unisim elements were transformed.

Synth Design complete | Checksum: 8af9fd11
INFO: [Common 17-83] Releasing license: Synthesis
19 Infos, 17 Warnings, 0 Critical Warnings and 0 Errors encountered.
synth_design completed successfully
synth_design: Time (s): cpu = 00:00:14 ; elapsed = 00:00:42 . Memory (MB): peak = 1399.973 ; gain = 944.031
INFO: [Common 17-1381] The checkpoint 'C:/Users/dhako/Desktop/FPGA/Ex_Files_Learning_Verilog_FPGA_Development/Exercise Files/Ch04/04_04/combinational_ch/combinational_ch.runs/synth_1/board_ALU.dcp' has been generated.
INFO: [runtcl-4] Executing : report_utilization -file board_ALU_utilization_synth.rpt -pb board_ALU_utilization_synth.pb
INFO: [Common 17-206] Exiting Vivado at Wed Nov  1 15:52:36 2023...
