Copyright 1986-2022 Xilinx, Inc. All Rights Reserved. Copyright 2022-2023 Advanced Micro Devices, Inc. All Rights Reserved.
---------------------------------------------------------------------------------------------------------------------------------------------
| Tool Version : Vivado v.2023.1 (win64) Build 3865809 Sun May  7 15:05:29 MDT 2023
| Date         : Mon Oct 23 18:13:44 2023
| Host         : LAPTOP-P8I28OU7 running 64-bit major release  (build 9200)
| Command      : report_drc -file AdderWithDisplay_drc_opted.rpt -pb AdderWithDisplay_drc_opted.pb -rpx AdderWithDisplay_drc_opted.rpx
| Design       : AdderWithDisplay
| Device       : xc7a35tcpg236-3
| Speed File   : -3
| Design State : Synthesized
---------------------------------------------------------------------------------------------------------------------------------------------

Report DRC

Table of Contents
-----------------
1. REPORT SUMMARY
2. REPORT DETAILS

1. REPORT SUMMARY
-----------------
            Netlist: netlist
          Floorplan: design_1
      Design limits: <entire design considered>
           Ruledeck: default
             Max violations: <unlimited>
             Violations found: 1
+-------------+----------+-------------------------------------------------------------+------------+
| Rule        | Severity | Description                                                 | Violations |
+-------------+----------+-------------------------------------------------------------+------------+
| PLHOLDVIO-2 | Warning  | Non-Optimal connections which could lead to hold violations | 1          |
+-------------+----------+-------------------------------------------------------------+------------+

2. REPORT DETAILS
-----------------
PLHOLDVIO-2#1 Warning
Non-Optimal connections which could lead to hold violations  
A LUT div2/FSM_sequential_Anodes[1]_i_2 is driving clock pin of 3 cells. This could lead to large hold time violations. Involved cells are:
FSM_sequential_Anodes_reg[0], FSM_sequential_Anodes_reg[1], LEDs_reg[0]
Related violations: <none>


