#-----------------------------------------------------------
# Vivado v2018.3 (64-bit)
# SW Build 2405991 on Thu Dec  6 23:38:27 MST 2018
# IP Build 2404404 on Fri Dec  7 01:43:56 MST 2018
# Start of session at: Tue Jan 15 21:01:31 2019
# Process ID: 36084
# Current directory: C:/Users/Eduardo Corpeno/Desktop/LiL/Exercise Files/Vivado/AdderWithDisplay
# Command line: vivado.exe -gui_launcher_event rodinguilauncherevent37576 C:\Users\Eduardo Corpeno\Desktop\LiL\Exercise Files\Vivado\AdderWithDisplay\labasys.xpr
# Log file: C:/Users/Eduardo Corpeno/Desktop/LiL/Exercise Files/Vivado/AdderWithDisplay/vivado.log
# Journal file: C:/Users/Eduardo Corpeno/Desktop/LiL/Exercise Files/Vivado/AdderWithDisplay\vivado.jou
#-----------------------------------------------------------
start_gui
open_project {C:/Users/Eduardo Corpeno/Desktop/LiL/Exercise Files/Vivado/AdderWithDisplay/labasys.xpr}
INFO: [Project 1-313] Project file moved from 'C:/Users/kuashio/Desktop/BASYS 3/labasys' since last save.
CRITICAL WARNING: [Project 1-311] Could not find the file 'C:/Users/Eduardo Corpeno/Desktop/LiL/Exercise Files/Vivado/AdderWithDisplay/AdderWithRaster.v', nor could it be found using path 'C:/Users/kuashio/Desktop/BASYS 3/labasys/AdderWithRaster.v'.
Scanning sources...
Finished scanning sources
INFO: [Project 1-230] Project 'labasys.xpr' upgraded for this version of Vivado.
INFO: [IP_Flow 19-234] Refreshing IP repositories
INFO: [IP_Flow 19-1704] No user IP repositories specified
INFO: [IP_Flow 19-2313] Loaded Vivado IP repository 'C:/Xilinx/Vivado/2018.3/data/ip'.
update_compile_order -fileset sources_1
reset_run impl_1 -prev_step 
launch_runs impl_1 -to_step write_bitstream -jobs 6
[Tue Jan 15 21:04:19 2019] Launched impl_1...
Run output will be captured here: C:/Users/Eduardo Corpeno/Desktop/LiL/Exercise Files/Vivado/AdderWithDisplay/labasys.runs/impl_1/runme.log
reset_run impl_1 -prev_step 
reset_run synth_1
launch_runs impl_1 -to_step write_bitstream -jobs 6
[Tue Jan 15 21:04:46 2019] Launched synth_1...
Run output will be captured here: C:/Users/Eduardo Corpeno/Desktop/LiL/Exercise Files/Vivado/AdderWithDisplay/labasys.runs/synth_1/runme.log
[Tue Jan 15 21:04:46 2019] Launched impl_1...
Run output will be captured here: C:/Users/Eduardo Corpeno/Desktop/LiL/Exercise Files/Vivado/AdderWithDisplay/labasys.runs/impl_1/runme.log
open_hw
connect_hw_server
INFO: [Labtools 27-2285] Connecting to hw_server url TCP:localhost:3121
INFO: [Labtools 27-2222] Launching hw_server...
INFO: [Labtools 27-2221] Launch Output:

****** Xilinx hw_server v2018.3
  **** Build date : Dec  7 2018-00:40:27
    ** Copyright 1986-2018 Xilinx, Inc. All Rights Reserved.


open_hw_target
INFO: [Labtoolstcl 44-466] Opening hw_target localhost:3121/xilinx_tcf/Digilent/210183A8A204A
set_property PROGRAM.FILE {C:/Users/Eduardo Corpeno/Desktop/LiL/Exercise Files/Vivado/AdderWithDisplay/labasys.runs/impl_1/AdderWithDisplay.bit} [get_hw_devices xc7a35t_0]
current_hw_device [get_hw_devices xc7a35t_0]
refresh_hw_device -update_hw_probes false [lindex [get_hw_devices xc7a35t_0] 0]
INFO: [Labtools 27-1434] Device xc7a35t (JTAG device index = 0) is programmed with a design that has no supported debug core(s) in it.
create_hw_cfgmem -hw_device [get_hw_devices xc7a35t_0] -mem_dev [lindex [get_cfgmem_parts {s25fl032p-spi-x1_x2_x4}] 0]
set_property PROBES.FILE {} [get_hw_devices xc7a35t_0]
set_property FULL_PROBES.FILE {} [get_hw_devices xc7a35t_0]
set_property PROGRAM.FILE {C:/Users/Eduardo Corpeno/Desktop/LiL/Exercise Files/Vivado/AdderWithDisplay/labasys.runs/impl_1/AdderWithDisplay.bit} [get_hw_devices xc7a35t_0]
program_hw_devices [get_hw_devices xc7a35t_0]
INFO: [Labtools 27-3164] End of startup status: HIGH
refresh_hw_device [lindex [get_hw_devices xc7a35t_0] 0]
INFO: [Labtools 27-1434] Device xc7a35t (JTAG device index = 0) is programmed with a design that has no supported debug core(s) in it.
ERROR: [Labtoolstcl 44-513] HW Target shutdown. Closing target: localhost:3121/xilinx_tcf/Digilent/210183A8A204A
exit
INFO: [Common 17-206] Exiting Vivado at Tue Jan 15 21:13:55 2019...
